[LOG] System::create                           : Header version = 2.00.01. Current version = 2.00.01.
[LOG] Manager::init                            : maxchannels = 256 studioflags = 00000006 flags 00000000 extradriverdata 0000000000000000.
[LOG] SystemI::init                            : Initialize version=20001 (102182), maxchannels=256, flags=0x00020000
[LOG] SystemI::setOutputInternal               : Setting output to 'FMOD WASAPI Output'
[LOG] OutputWASAPI::init                       : Mix Format (WAVEFORMATEX): wFormatTag=0xFFFE, nChannels=2, nSamplesPerSec=48000, nAvgBytesPerSec=384000, nBlockAlign=8, wBitsPerSample=32, cbSize=22.
[LOG] OutputWASAPI::init                       : Mix Format (WAVEFORMATEXTENSIBLE): wValidBitsPerSample=32, dwChannelMask=0x00000003, SubFormat=00000003-0000-0010-8000-00AA00389B71.
[LOG] OutputWASAPI::init                       : Output buffer size: 4096 samples, latency: 0.00ms, period: 10.00ms, DSP buffer: 1024 * 4
[LOG] Thread::initThread                       : Init FMOD stream thread. Priority: 2, Stack Size: 65536, Semaphore: No, Sleep Time: 10, Looping: Yes.
[LOG] Thread::initThread                       : Init FMOD mixer thread. Priority: 3, Stack Size: 49152, Semaphore: No, Sleep Time: 0, Looping: Yes.
[LOG] AsyncManager::init                       : manager 0000000070B5A878 isAsync 0 updatePeriod 0.02
[LOG] AsyncManager::init                       : done
[LOG] PlaybackSystem::init                     : 
[LOG] Thread::initThread                       : Init FMOD Studio sample load thread. Priority: 0, Stack Size: 65536, Semaphore: No, Sleep Time: 1, Looping: No.
[LOG] PlaybackSystem::init                     : done
[LOG] Thread::initThread                       : Init FMOD Studio bank load thread. Priority: 0, Stack Size: 65536, Semaphore: No, Sleep Time: 1, Looping: No.
[LOG] Manager::init                            : done.
[LOG] Manager::readBank                        : fileversion = 120, compatVersion = 119 (oldest = 44, newest = 120)
[LOG] PlaybackSystem::acquireMasterBus         : Setting master channel group format to 6
[LOG] SystemI::createSoundInternal             : Create name='', mode=0x02000202
[LOG] SystemI::createSoundInternal             : exinfo->cbsize             = 224
[LOG] SystemI::createSoundInternal             : exinfo->length             = 3835360
[LOG] SystemI::createSoundInternal             : exinfo->fileoffset         = 65536
[LOG] SystemI::createSoundInternal             : exinfo->numsubsounds       = 1
[LOG] SystemI::createSoundInternal             : exinfo->inclusionlist      = 00000000DBA2F62C
[LOG] SystemI::createSoundInternal             : exinfo->inclusionlistnum   = 1
[LOG] SystemI::createSoundInternal             : exinfo->suggestedsoundtype = 5
[LOG] SystemI::createSoundInternal             : exinfo->useropen           = 00007FFF0AFB6DB0
[LOG] SystemI::createSoundInternal             : exinfo->userclose          = 00007FFF0AFB6D80
[LOG] SystemI::createSoundInternal             : exinfo->userread           = 00007FFF0AFB6E80
[LOG] SystemI::createSoundInternal             : exinfo->userseek           = 00007FFF0AFB6F40
[LOG] SystemI::createSoundInternal             : exinfo->fileuserdata       = 0000000085525548
[LOG] SystemI::createSoundInternal             : exinfo->initialseekpostype = 1
[LOG] SystemI::DSPCodecPoolRegister            : register codec pool for pool type 5
[LOG] SystemI::createSoundInternal             : Sample 0/1: name='E_Distance_Die', format=2, channels=2, frequency=48000, lengthbytes=10464, lengthpcm=47104, pcmblocksize=0, loopstart=0, loopend=0, mode=0x00000000, channelmask=0x00000000, channelorder=0, peakvolume=0.430429.
[LOG] SoundI::release                          :  (00000000371B1628)
[LOG] SoundI::release                          :     E_Distance_Die (00000000367F9598)
[LOG] Manager::readBank                        : fileversion = 120, compatVersion = 119 (oldest = 44, newest = 120)
[LOG] PlaybackSystem::acquireMasterBus         : Setting master channel group format to 6
[LOG] SystemI::createSoundInternal             : Create name='', mode=0x02000202
[LOG] SystemI::createSoundInternal             : exinfo->cbsize             = 224
[LOG] SystemI::createSoundInternal             : exinfo->length             = 3835360
[LOG] SystemI::createSoundInternal             : exinfo->fileoffset         = 65536
[LOG] SystemI::createSoundInternal             : exinfo->numsubsounds       = 1
[LOG] SystemI::createSoundInternal             : exinfo->inclusionlist      = 00000000DBA2F62C
[LOG] SystemI::createSoundInternal             : exinfo->inclusionlistnum   = 1
[LOG] SystemI::createSoundInternal             : exinfo->suggestedsoundtype = 5
[LOG] SystemI::createSoundInternal             : exinfo->useropen           = 00007FFF0AFB6DB0
[LOG] SystemI::createSoundInternal             : exinfo->userclose          = 00007FFF0AFB6D80
[LOG] SystemI::createSoundInternal             : exinfo->userread           = 00007FFF0AFB6E80
[LOG] SystemI::createSoundInternal             : exinfo->userseek           = 00007FFF0AFB6F40
[LOG] SystemI::createSoundInternal             : exinfo->fileuserdata       = 00000000855282A8
[LOG] SystemI::createSoundInternal             : exinfo->initialseekpostype = 1
[LOG] SystemI::DSPCodecPoolRegister            : register codec pool for pool type 5
[LOG] SystemI::createSoundInternal             : Sample 0/1: name='E_Distance_Die', format=2, channels=2, frequency=48000, lengthbytes=10464, lengthpcm=47104, pcmblocksize=0, loopstart=0, loopend=0, mode=0x00000000, channelmask=0x00000000, channelorder=0, peakvolume=0.430429.
[LOG] SoundI::release                          :  (00000000371B0658)
[LOG] SoundI::release                          :     E_Distance_Die (000000003563A108)
[LOG] Manager::readBank                        : fileversion = 120, compatVersion = 119 (oldest = 44, newest = 120)
[LOG] PlaybackSystem::acquireMasterBus         : Setting master channel group format to 6
[LOG] SystemI::createSoundInternal             : Create name='', mode=0x02000202
[LOG] SystemI::createSoundInternal             : exinfo->cbsize             = 224
[LOG] SystemI::createSoundInternal             : exinfo->length             = 3835360
[LOG] SystemI::createSoundInternal             : exinfo->fileoffset         = 65536
[LOG] SystemI::createSoundInternal             : exinfo->numsubsounds       = 1
[LOG] SystemI::createSoundInternal             : exinfo->inclusionlist      = 00000000DBA2F62C
[LOG] SystemI::createSoundInternal             : exinfo->inclusionlistnum   = 1
[LOG] SystemI::createSoundInternal             : exinfo->suggestedsoundtype = 5
[LOG] SystemI::createSoundInternal             : exinfo->useropen           = 00007FFF0AFB6DB0
[LOG] SystemI::createSoundInternal             : exinfo->userclose          = 00007FFF0AFB6D80
[LOG] SystemI::createSoundInternal             : exinfo->userread           = 00007FFF0AFB6E80
[LOG] SystemI::createSoundInternal             : exinfo->userseek           = 00007FFF0AFB6F40
[LOG] SystemI::createSoundInternal             : exinfo->fileuserdata       = 0000000085521978
[LOG] SystemI::createSoundInternal             : exinfo->initialseekpostype = 1
[LOG] SystemI::DSPCodecPoolRegister            : register codec pool for pool type 5
[LOG] SystemI::createSoundInternal             : Sample 0/1: name='E_Distance_Die', format=2, channels=2, frequency=48000, lengthbytes=10464, lengthpcm=47104, pcmblocksize=0, loopstart=0, loopend=0, mode=0x00000000, channelmask=0x00000000, channelorder=0, peakvolume=0.430429.
[LOG] SoundI::release                          :  (00000000371B07C8)
[LOG] SoundI::release                          :     E_Distance_Die (0000000035639268)
[LOG] Manager::readBank                        : fileversion = 120, compatVersion = 119 (oldest = 44, newest = 120)
[LOG] PlaybackSystem::acquireMasterBus         : Setting master channel group format to 6
[LOG] SystemI::createSoundInternal             : Create name='', mode=0x02000202
[LOG] SystemI::createSoundInternal             : exinfo->cbsize             = 224
[LOG] SystemI::createSoundInternal             : exinfo->length             = 3835360
[LOG] SystemI::createSoundInternal             : exinfo->fileoffset         = 65536
[LOG] SystemI::createSoundInternal             : exinfo->numsubsounds       = 1
[LOG] SystemI::createSoundInternal             : exinfo->inclusionlist      = 00000000DBA2F62C
[LOG] SystemI::createSoundInternal             : exinfo->inclusionlistnum   = 1
[LOG] SystemI::createSoundInternal             : exinfo->suggestedsoundtype = 5
[LOG] SystemI::createSoundInternal             : exinfo->useropen           = 00007FFF0AFB6DB0
[LOG] SystemI::createSoundInternal             : exinfo->userclose          = 00007FFF0AFB6D80
[LOG] SystemI::createSoundInternal             : exinfo->userread           = 00007FFF0AFB6E80
[LOG] SystemI::createSoundInternal             : exinfo->userseek           = 00007FFF0AFB6F40
[LOG] SystemI::createSoundInternal             : exinfo->fileuserdata       = 0000000085525968
[LOG] SystemI::createSoundInternal             : exinfo->initialseekpostype = 1
[LOG] SystemI::DSPCodecPoolRegister            : register codec pool for pool type 5
[LOG] SystemI::createSoundInternal             : Sample 0/1: name='E_Distance_Die', format=2, channels=2, frequency=48000, lengthbytes=10464, lengthpcm=47104, pcmblocksize=0, loopstart=0, loopend=0, mode=0x00000000, channelmask=0x00000000, channelorder=0, peakvolume=0.430429.
[LOG] SoundI::release                          :  (00000000371B1EC8)
[LOG] SoundI::release                          :     E_Distance_Die (000000003563A5E8)
[LOG] Manager::readBank                        : fileversion = 120, compatVersion = 119 (oldest = 44, newest = 120)
[LOG] PlaybackSystem::acquireMasterBus         : Setting master channel group format to 6
[LOG] SystemI::createSoundInternal             : Create name='', mode=0x02000202
[LOG] SystemI::createSoundInternal             : exinfo->cbsize             = 224
[LOG] SystemI::createSoundInternal             : exinfo->length             = 3835360
[LOG] SystemI::createSoundInternal             : exinfo->fileoffset         = 65536
[LOG] SystemI::createSoundInternal             : exinfo->numsubsounds       = 1
[LOG] SystemI::createSoundInternal             : exinfo->inclusionlist      = 00000000DBA2F62C
[LOG] SystemI::createSoundInternal             : exinfo->inclusionlistnum   = 1
[LOG] SystemI::createSoundInternal             : exinfo->suggestedsoundtype = 5
[LOG] SystemI::createSoundInternal             : exinfo->useropen           = 00007FFF0AFB6DB0
[LOG] SystemI::createSoundInternal             : exinfo->userclose          = 00007FFF0AFB6D80
[LOG] SystemI::createSoundInternal             : exinfo->userread           = 00007FFF0AFB6E80
[LOG] SystemI::createSoundInternal             : exinfo->userseek           = 00007FFF0AFB6F40
[LOG] SystemI::createSoundInternal             : exinfo->fileuserdata       = 0000000085523658
[LOG] SystemI::createSoundInternal             : exinfo->initialseekpostype = 1
[LOG] SystemI::DSPCodecPoolRegister            : register codec pool for pool type 5
[LOG] SystemI::createSoundInternal             : Sample 0/1: name='E_Distance_Die', format=2, channels=2, frequency=48000, lengthbytes=10464, lengthpcm=47104, pcmblocksize=0, loopstart=0, loopend=0, mode=0x00000000, channelmask=0x00000000, channelorder=0, peakvolume=0.430429.
[LOG] SoundI::release                          :  (00000000371B0658)
[LOG] SoundI::release                          :     E_Distance_Die (000000003563A108)
[LOG] Manager::readBank                        : fileversion = 120, compatVersion = 119 (oldest = 44, newest = 120)
[LOG] PlaybackSystem::acquireMasterBus         : Setting master channel group format to 6
[LOG] SystemI::createSoundInternal             : Create name='', mode=0x02000202
[LOG] SystemI::createSoundInternal             : exinfo->cbsize             = 224
[LOG] SystemI::createSoundInternal             : exinfo->length             = 3835360
[LOG] SystemI::createSoundInternal             : exinfo->fileoffset         = 65536
[LOG] SystemI::createSoundInternal             : exinfo->numsubsounds       = 1
[LOG] SystemI::createSoundInternal             : exinfo->inclusionlist      = 00000000DBA2F62C
[LOG] SystemI::createSoundInternal             : exinfo->inclusionlistnum   = 1
[LOG] SystemI::createSoundInternal             : exinfo->suggestedsoundtype = 5
[LOG] SystemI::createSoundInternal             : exinfo->useropen           = 00007FFF0AFB6DB0
[LOG] SystemI::createSoundInternal             : exinfo->userclose          = 00007FFF0AFB6D80
[LOG] SystemI::createSoundInternal             : exinfo->userread           = 00007FFF0AFB6E80
[LOG] SystemI::createSoundInternal             : exinfo->userseek           = 00007FFF0AFB6F40
[LOG] SystemI::createSoundInternal             : exinfo->fileuserdata       = 0000000085521348
[LOG] SystemI::createSoundInternal             : exinfo->initialseekpostype = 1
[LOG] SystemI::DSPCodecPoolRegister            : register codec pool for pool type 5
[LOG] SystemI::createSoundInternal             : Sample 0/1: name='E_Distance_Die', format=2, channels=2, frequency=48000, lengthbytes=10464, lengthpcm=47104, pcmblocksize=0, loopstart=0, loopend=0, mode=0x00000000, channelmask=0x00000000, channelorder=0, peakvolume=0.430429.
[LOG] SoundI::release                          :  (00000000371B11D8)
[LOG] SoundI::release                          :     E_Distance_Die (0000000035639C28)
[LOG] Manager::readBank                        : fileversion = 120, compatVersion = 119 (oldest = 44, newest = 120)
[LOG] PlaybackSystem::acquireMasterBus         : Setting master channel group format to 6
[LOG] SystemI::createSoundInternal             : Create name='', mode=0x02000202
[LOG] SystemI::createSoundInternal             : exinfo->cbsize             = 224
[LOG] SystemI::createSoundInternal             : exinfo->length             = 3835360
[LOG] SystemI::createSoundInternal             : exinfo->fileoffset         = 65536
[LOG] SystemI::createSoundInternal             : exinfo->numsubsounds       = 1
[LOG] SystemI::createSoundInternal             : exinfo->inclusionlist      = 00000000DBA2F62C
[LOG] SystemI::createSoundInternal             : exinfo->inclusionlistnum   = 1
[LOG] SystemI::createSoundInternal             : exinfo->suggestedsoundtype = 5
[LOG] SystemI::createSoundInternal             : exinfo->useropen           = 00007FFF0AFB6DB0
[LOG] SystemI::createSoundInternal             : exinfo->userclose          = 00007FFF0AFB6D80
[LOG] SystemI::createSoundInternal             : exinfo->userread           = 00007FFF0AFB6E80
[LOG] SystemI::createSoundInternal             : exinfo->userseek           = 00007FFF0AFB6F40
[LOG] SystemI::createSoundInternal             : exinfo->fileuserdata       = 00000000855269E8
[LOG] SystemI::createSoundInternal             : exinfo->initialseekpostype = 1
[LOG] SystemI::DSPCodecPoolRegister            : register codec pool for pool type 5
[LOG] SystemI::createSoundInternal             : Sample 0/1: name='E_Distance_Die', format=2, channels=2, frequency=48000, lengthbytes=10464, lengthpcm=47104, pcmblocksize=0, loopstart=0, loopend=0, mode=0x00000000, channelmask=0x00000000, channelorder=0, peakvolume=0.430429.
[LOG] SoundI::release                          :  (00000000371B07C8)
[LOG] SoundI::release                          :     E_Distance_Die (000000003563AE08)
[LOG] Manager::readBank                        : fileversion = 120, compatVersion = 119 (oldest = 44, newest = 120)
[LOG] PlaybackSystem::acquireMasterBus         : Setting master channel group format to 6
[LOG] SystemI::createSoundInternal             : Create name='', mode=0x02000202
[LOG] SystemI::createSoundInternal             : exinfo->cbsize             = 224
[LOG] SystemI::createSoundInternal             : exinfo->length             = 3835360
[LOG] SystemI::createSoundInternal             : exinfo->fileoffset         = 65536
[LOG] SystemI::createSoundInternal             : exinfo->numsubsounds       = 1
[LOG] SystemI::createSoundInternal             : exinfo->inclusionlist      = 00000000DBA2F62C
[LOG] SystemI::createSoundInternal             : exinfo->inclusionlistnum   = 1
[LOG] SystemI::createSoundInternal             : exinfo->suggestedsoundtype = 5
[LOG] SystemI::createSoundInternal             : exinfo->useropen           = 00007FFF0AFB6DB0
[LOG] SystemI::createSoundInternal             : exinfo->userclose          = 00007FFF0AFB6D80
[LOG] SystemI::createSoundInternal             : exinfo->userread           = 00007FFF0AFB6E80
[LOG] SystemI::createSoundInternal             : exinfo->userseek           = 00007FFF0AFB6F40
[LOG] SystemI::createSoundInternal             : exinfo->fileuserdata       = 00000000855282A8
[LOG] SystemI::createSoundInternal             : exinfo->initialseekpostype = 1
[LOG] SystemI::DSPCodecPoolRegister            : register codec pool for pool type 5
[LOG] SystemI::createSoundInternal             : Sample 0/1: name='E_Distance_Die', format=2, channels=2, frequency=48000, lengthbytes=10464, lengthpcm=47104, pcmblocksize=0, loopstart=0, loopend=0, mode=0x00000000, channelmask=0x00000000, channelorder=0, peakvolume=0.430429.
[LOG] SoundI::release                          :  (00000000371B0658)
[LOG] SoundI::release                          :     E_Distance_Die (00000000356395A8)
[LOG] Manager::readBank                        : fileversion = 120, compatVersion = 119 (oldest = 44, newest = 120)
[LOG] PlaybackSystem::acquireMasterBus         : Setting master channel group format to 6
[LOG] SystemI::createSoundInternal             : Create name='', mode=0x02000202
[LOG] SystemI::createSoundInternal             : exinfo->cbsize             = 224
[LOG] SystemI::createSoundInternal             : exinfo->length             = 3835360
[LOG] SystemI::createSoundInternal             : exinfo->fileoffset         = 65536
[LOG] SystemI::createSoundInternal             : exinfo->numsubsounds       = 1
[LOG] SystemI::createSoundInternal             : exinfo->inclusionlist      = 00000000DBA2F62C
[LOG] SystemI::createSoundInternal             : exinfo->inclusionlistnum   = 1
[LOG] SystemI::createSoundInternal             : exinfo->suggestedsoundtype = 5
[LOG] SystemI::createSoundInternal             : exinfo->useropen           = 00007FFF0AFB6DB0
[LOG] SystemI::createSoundInternal             : exinfo->userclose          = 00007FFF0AFB6D80
[LOG] SystemI::createSoundInternal             : exinfo->userread           = 00007FFF0AFB6E80
[LOG] SystemI::createSoundInternal             : exinfo->userseek           = 00007FFF0AFB6F40
[LOG] SystemI::createSoundInternal             : exinfo->fileuserdata       = 0000000085523028
[LOG] SystemI::createSoundInternal             : exinfo->initialseekpostype = 1
[LOG] SystemI::DSPCodecPoolRegister            : register codec pool for pool type 5
[LOG] SystemI::createSoundInternal             : Sample 0/1: name='E_Distance_Die', format=2, channels=2, frequency=48000, lengthbytes=10464, lengthpcm=47104, pcmblocksize=0, loopstart=0, loopend=0, mode=0x00000000, channelmask=0x00000000, channelorder=0, peakvolume=0.430429.
[LOG] SoundI::release                          :  (00000000371B11D8)
[LOG] SoundI::release                          :     E_Distance_Die (0000000035639408)
[LOG] Manager::readBank                        : fileversion = 120, compatVersion = 119 (oldest = 44, newest = 120)
[LOG] PlaybackSystem::acquireMasterBus         : Setting master channel group format to 6
[LOG] SystemI::createSoundInternal             : Create name='', mode=0x02000202
[LOG] SystemI::createSoundInternal             : exinfo->cbsize             = 224
[LOG] SystemI::createSoundInternal             : exinfo->length             = 3835360
[LOG] SystemI::createSoundInternal             : exinfo->fileoffset         = 65536
[LOG] SystemI::createSoundInternal             : exinfo->numsubsounds       = 1
[LOG] SystemI::createSoundInternal             : exinfo->inclusionlist      = 00000000DBA2F62C
[LOG] SystemI::createSoundInternal             : exinfo->inclusionlistnum   = 1
[LOG] SystemI::createSoundInternal             : exinfo->suggestedsoundtype = 5
[LOG] SystemI::createSoundInternal             : exinfo->useropen           = 00007FFF0AFB6DB0
[LOG] SystemI::createSoundInternal             : exinfo->userclose          = 00007FFF0AFB6D80
[LOG] SystemI::createSoundInternal             : exinfo->userread           = 00007FFF0AFB6E80
[LOG] SystemI::createSoundInternal             : exinfo->userseek           = 00007FFF0AFB6F40
[LOG] SystemI::createSoundInternal             : exinfo->fileuserdata       = 000000007B9CCAB8
[LOG] SystemI::createSoundInternal             : exinfo->initialseekpostype = 1
[LOG] SystemI::DSPCodecPoolRegister            : register codec pool for pool type 5
[LOG] SystemI::createSoundInternal             : Sample 0/1: name='E_Distance_Die', format=2, channels=2, frequency=48000, lengthbytes=10464, lengthpcm=47104, pcmblocksize=0, loopstart=0, loopend=0, mode=0x00000000, channelmask=0x00000000, channelorder=0, peakvolume=0.430429.
[LOG] SoundI::release                          :  (00000000371B1EC8)
[LOG] SoundI::release                          :     E_Distance_Die (000000003563AE08)
[LOG] Thread::callback                         : FMOD Studio bank load thread finished.
[LOG] Thread::callback                         : FMOD Studio sample load thread finished.
[LOG] LiveUpdate::release                      : 
[LOG] LiveUpdate::reset                        : Reset connection (reason Disconnected)
[LOG] Thread::callback                         : FMOD stream thread finished.
[LOG] Thread::callback                         : FMOD mixer thread finished.
[LOG] SystemI::close                           : Closed.
